{
  "RSpec": {
    "coverage": {
      "/home/ncapule/Dropbox/Personal/bhs/app/models/user.rb": [
        1,
        null,
        null,
        null,
        1,
        null,
        null,
        null,
        1,
        null,
        1,
        1,
        null,
        1,
        1,
        null,
        1,
        0,
        null,
        null
      ],
      "/home/ncapule/Dropbox/Personal/bhs/app/controllers/application_controller.rb": [
        1,
        1,
        1,
        null,
        1,
        0,
        null,
        null
      ],
      "/home/ncapule/Dropbox/Personal/bhs/app/helpers/application_helper.rb": [
        1,
        null
      ],
      "/home/ncapule/Dropbox/Personal/bhs/app/helpers/pages_helper.rb": [
        1,
        null
      ],
      "/home/ncapule/Dropbox/Personal/bhs/app/controllers/pages_controller.rb": [
        1,
        1,
        null,
        1,
        null,
        null,
        null,
        1,
        null,
        null,
        null,
        null
      ],
      "/home/ncapule/Dropbox/Personal/bhs/app/controllers/registrations_controller.rb": [
        1,
        1,
        0,
        0,
        0,
        null,
        null,
        1,
        0,
        0,
        0,
        0,
        0,
        0,
        0,
        0,
        null,
        0,
        0,
        0,
        0,
        null,
        null,
        null,
        1,
        null,
        null,
        null
      ],
      "/home/ncapule/Dropbox/Personal/bhs/app/models/account.rb": [
        1,
        1,
        1,
        1,
        null,
        1,
        1,
        null,
        1,
        1,
        1,
        0,
        null,
        1,
        1,
        null,
        null,
        null
      ],
      "/home/ncapule/Dropbox/Personal/bhs/app/models/membership.rb": [
        1,
        1,
        1,
        null,
        1,
        null
      ],
      "/home/ncapule/Dropbox/Personal/bhs/app/models/reservation.rb": [
        1,
        1,
        1,
        1,
        null,
        1,
        1,
        1,
        0,
        null,
        1,
        1,
        null,
        null,
        null
      ],
      "/home/ncapule/Dropbox/Personal/bhs/app/models/service.rb": [
        1,
        1,
        1,
        null,
        1,
        0,
        null,
        null
      ],
      "/home/ncapule/Dropbox/Personal/bhs/app/models/transaction.rb": [
        1,
        1,
        1,
        null,
        1,
        1,
        1,
        1,
        null,
        1,
        0,
        null,
        null
      ],
      "/home/ncapule/Dropbox/Personal/bhs/app/models/transaction_detail.rb": [
        1,
        1,
        null,
        1,
        1,
        null,
        1,
        0,
        null,
        null
      ]
    },
    "timestamp": 1345718800
  }
}
