{
  "RSpec": {
    "coverage": {
      "/home/ncapule/Dropbox/Personal/bhs/spec/support/devise.rb": [
        1,
        1,
        null
      ],
      "/home/ncapule/Dropbox/Personal/bhs/spec/models/membership_spec.rb": [
        1,
        null,
        1,
        1,
        1,
        1,
        null,
        null,
        1,
        1,
        null,
        null
      ],
      "/home/ncapule/Dropbox/Personal/bhs/spec/models/transaction_detail_spec.rb": [
        1,
        null,
        1,
        1,
        null
      ],
      "/home/ncapule/Dropbox/Personal/bhs/spec/models/user_spec.rb": [
        1,
        null,
        1,
        1,
        10,
        null,
        null,
        1,
        1,
        1,
        1,
        null,
        null,
        1,
        1,
        1,
        1,
        1,
        null,
        null,
        1,
        1,
        1,
        1,
        null,
        null,
        1,
        1,
        1,
        3,
        3,
        3,
        null,
        null,
        null,
        1,
        1,
        1,
        1,
        1,
        null,
        null,
        1,
        1,
        1,
        1,
        null,
        null,
        1,
        1,
        1,
        1,
        null,
        null,
        1,
        1,
        1,
        null,
        null,
        1,
        1,
        null,
        null,
        1,
        1,
        1,
        1,
        null,
        null,
        null
      ],
      "/home/ncapule/Dropbox/Personal/bhs/spec/models/account_spec.rb": [
        1,
        null,
        1,
        1,
        3,
        3,
        3,
        null,
        null,
        1,
        1,
        1,
        null,
        null,
        1,
        1,
        1,
        null,
        null,
        1,
        1,
        null,
        null
      ],
      "/home/ncapule/Dropbox/Personal/bhs/spec/models/service_spec.rb": [
        1,
        null,
        1,
        1,
        null
      ],
      "/home/ncapule/Dropbox/Personal/bhs/spec/models/reservation_spec.rb": [
        1,
        null,
        1,
        1,
        1,
        null,
        null,
        1,
        1,
        1,
        null,
        null
      ],
      "/home/ncapule/Dropbox/Personal/bhs/spec/models/transaction_spec.rb": [
        1,
        null,
        1,
        1,
        null
      ],
      "/home/ncapule/Dropbox/Personal/bhs/spec/controllers/pages_controller_spec.rb": [
        1,
        null,
        1,
        null,
        null
      ]
    },
    "timestamp": 1345718472
  }
}
